2018-11-24 17:17:26 INFO  JavaRushTasksProjectComponent.projectOpened(68) - ---------- Project JavaRushTasks opened ----------
2018-11-24 17:17:26 INFO  JavaRushTasksProjectComponent.projectOpened(69) - ---------- Version 3.21 ----------

2018-11-24 17:17:26 INFO  JavaRushTasksProjectComponent.setAutoscrolls(343) - Autoscrolls успешно установлены
2018-11-24 17:17:28 INFO  ApacheHttpClient.login(228) - Ожидание ответа сервера.
2018-11-24 17:17:29 INFO  ApacheHttpClient.login(232) - responseCode = 200
2018-11-24 17:17:29 INFO  ApacheHttpClient.login(263) - JSESSIONID OK
2018-11-24 17:17:29 INFO  ApacheHttpClient.refreshUserInfo(291) - responseCode = 200
2018-11-24 17:17:29 INFO  ApacheHttpClient.refreshUserInfo(297) - Информация о пользователе получена.
2018-11-24 17:17:29 INFO  ApacheHttpClient.startGA(31) - GAService запущен.
2018-11-24 17:17:29 INFO  AbstractRestApiClient.startService(70) - EventsService запущен.
2018-11-24 17:17:38 INFO  ApacheHttpClient.getWebResourceAsStream(437) - responseCode = 200
2018-11-24 17:17:38 INFO  ApacheHttpClient.login(228) - Ожидание ответа сервера.
2018-11-24 17:17:38 INFO  ApacheHttpClient.login(232) - responseCode = 200
2018-11-24 17:17:38 INFO  ApacheHttpClient.login(263) - JSESSIONID OK
2018-11-24 17:17:51 INFO  ApacheHttpClient.getWebResourceAsStream(437) - responseCode = 200
2018-11-24 17:17:51 INFO  ApacheHttpClient.getFilteredTasks(324) - responseCode = 200
2018-11-24 17:18:13 INFO  ApacheHttpClient.getWebResourceAsStream(437) - responseCode = 200
2018-11-24 17:18:13 INFO  ApacheHttpClient.getFilteredTasks(324) - responseCode = 200
2018-11-24 17:18:19 INFO  ApacheHttpClient.getFilteredTasks(324) - responseCode = 200
2018-11-24 17:18:27 INFO  ApacheHttpClient.getFilteredTasks(324) - responseCode = 200
2018-11-24 17:18:32 INFO  ApacheHttpClient.getTaskTemplateInfo(341) - responseCode = 200
2018-11-24 17:18:34 INFO  ApacheHttpClient.testConnection(187) - responseCode = 200
2018-11-24 17:18:34 INFO  ApacheHttpClient.testConnection(198) - result = true
2018-11-24 17:18:36 INFO  ApacheHttpClient.testConnection(187) - responseCode = 200
2018-11-24 17:18:36 INFO  ApacheHttpClient.testConnection(198) - result = true
2018-11-24 17:18:36 ERROR NoSwingUnderWriteAction.error(115) - AWT events are not allowed inside write action: java.awt.event.InvocationEvent[INVOCATION_DEFAULT,runnable=sun.awt.GlobalCursorManager$NativeUpdater@58ae45c,notifier=null,catchExceptions=false,when=1543069112445] on sun.awt.windows.WToolkit@53d7b542
java.lang.Throwable: AWT events are not allowed inside write action: java.awt.event.InvocationEvent[INVOCATION_DEFAULT,runnable=sun.awt.GlobalCursorManager$NativeUpdater@58ae45c,notifier=null,catchExceptions=false,when=1543069112445] on sun.awt.windows.WToolkit@53d7b542
	at com.intellij.openapi.diagnostic.Logger.error(Logger.java:123)
	at com.intellij.openapi.application.impl.NoSwingUnderWriteAction.lambda$watchForEvents$0(NoSwingUnderWriteAction.java:36)
	at com.intellij.ide.IdeEventQueue.dispatchEvent(IdeEventQueue.java:393)
	at java.awt.EventDispatchThread.pumpOneEventForFilters(EventDispatchThread.java:201)
	at java.awt.EventDispatchThread.pumpEventsForFilter(EventDispatchThread.java:116)
	at java.awt.EventDispatchThread.pumpEventsForHierarchy(EventDispatchThread.java:105)
	at java.awt.EventDispatchThread.pumpEvents(EventDispatchThread.java:101)
	at java.awt.EventDispatchThread.pumpEvents(EventDispatchThread.java:93)
	at java.awt.WaitDispatchSupport$2.run(WaitDispatchSupport.java:188)
	at java.awt.WaitDispatchSupport$4.run(WaitDispatchSupport.java:235)
	at java.awt.WaitDispatchSupport$4.run(WaitDispatchSupport.java:233)
	at java.security.AccessController.doPrivileged(Native Method)
	at java.awt.WaitDispatchSupport.enter(WaitDispatchSupport.java:233)
	at javafx.embed.swing.JFXPanel.initFx(JFXPanel.java:239)
	at javafx.embed.swing.JFXPanel.<init>(JFXPanel.java:264)
	at com.javarush.plugin.panel.ConditionPanel.getConditionInnerPanel(ConditionPanel.java:60)
	at com.javarush.plugin.panel.ConditionPanel.<init>(ConditionPanel.java:37)
	at com.javarush.plugin.TestEditor.<init>(TestEditor.java:48)
	at com.javarush.plugin.TestEditorProvider.createEditor(TestEditorProvider.java:66)
	at com.intellij.openapi.fileEditor.impl.FileEditorManagerImpl.lambda$openFileImpl4$9(FileEditorManagerImpl.java:857)
	at com.intellij.openapi.application.impl.ApplicationImpl.invokeAndWait(ApplicationImpl.java:652)
	at com.intellij.openapi.application.impl.ApplicationImpl.invokeAndWait(ApplicationImpl.java:665)
	at com.intellij.openapi.fileEditor.impl.FileEditorManagerImpl.openFileImpl4(FileEditorManagerImpl.java:960)
	at com.intellij.openapi.fileEditor.impl.FileEditorManagerImpl.openFileImpl3(FileEditorManagerImpl.java:782)
	at com.intellij.openapi.fileEditor.impl.FileEditorManagerImpl.lambda$openFileImpl2$4(FileEditorManagerImpl.java:764)
	at com.intellij.openapi.command.impl.CoreCommandProcessor.executeCommand(CoreCommandProcessor.java:139)
	at com.intellij.openapi.command.impl.CoreCommandProcessor.executeCommand(CoreCommandProcessor.java:97)
	at com.intellij.openapi.command.impl.CoreCommandProcessor.executeCommand(CoreCommandProcessor.java:87)
	at com.intellij.openapi.command.impl.CoreCommandProcessor.executeCommand(CoreCommandProcessor.java:73)
	at com.intellij.openapi.fileEditor.impl.FileEditorManagerImpl.openFileImpl2(FileEditorManagerImpl.java:764)
	at com.intellij.openapi.fileEditor.impl.FileEditorManagerImpl.openFileWithProviders(FileEditorManagerImpl.java:695)
	at com.intellij.openapi.fileEditor.ex.FileEditorManagerEx.openFile(FileEditorManagerEx.java:139)
	at com.javarush.plugin.TaskInfoSelectorMouseListener$WriteTaskTemplateAction.run(TaskInfoSelectorMouseListener.java:323)
	at com.intellij.openapi.application.impl.ApplicationImpl.runWriteAction(ApplicationImpl.java:1038)
	at com.javarush.plugin.TaskInfoSelectorMouseListener.selectTask(TaskInfoSelectorMouseListener.java:107)
	at com.javarush.plugin.TaskInfoSelectorMouseListener.mouseClicked(TaskInfoSelectorMouseListener.java:68)
	at java.awt.AWTEventMulticaster.mouseClicked(AWTEventMulticaster.java:270)
	at java.awt.Component.processMouseEvent(Component.java:6551)
	at javax.swing.JComponent.processMouseEvent(JComponent.java:3325)
	at java.awt.Component.processEvent(Component.java:6313)
	at java.awt.Container.processEvent(Container.java:2237)
	at java.awt.Component.dispatchEventImpl(Component.java:4903)
	at java.awt.Container.dispatchEventImpl(Container.java:2295)
	at java.awt.Component.dispatchEvent(Component.java:4725)
	at java.awt.LightweightDispatcher.retargetMouseEvent(Container.java:4889)
	at java.awt.LightweightDispatcher.processMouseEvent(Container.java:4535)
	at java.awt.LightweightDispatcher.dispatchEvent(Container.java:4467)
	at java.awt.Container.dispatchEventImpl(Container.java:2281)
	at java.awt.Window.dispatchEventImpl(Window.java:2746)
	at java.awt.Component.dispatchEvent(Component.java:4725)
	at java.awt.EventQueue.dispatchEventImpl(EventQueue.java:764)
	at java.awt.EventQueue.access$500(EventQueue.java:98)
	at java.awt.EventQueue$3.run(EventQueue.java:715)
	at java.awt.EventQueue$3.run(EventQueue.java:709)
	at java.security.AccessController.doPrivileged(Native Method)
	at java.security.ProtectionDomain$JavaSecurityAccessImpl.doIntersectionPrivilege(ProtectionDomain.java:80)
	at java.security.ProtectionDomain$JavaSecurityAccessImpl.doIntersectionPrivilege(ProtectionDomain.java:90)
	at java.awt.EventQueue$4.run(EventQueue.java:737)
	at java.awt.EventQueue$4.run(EventQueue.java:735)
	at java.security.AccessController.doPrivileged(Native Method)
	at java.security.ProtectionDomain$JavaSecurityAccessImpl.doIntersectionPrivilege(ProtectionDomain.java:80)
	at java.awt.EventQueue.dispatchEvent(EventQueue.java:734)
	at com.intellij.ide.IdeEventQueue.defaultDispatchEvent(IdeEventQueue.java:781)
	at com.intellij.ide.IdeEventQueue._dispatchEvent(IdeEventQueue.java:718)
	at com.intellij.ide.IdeEventQueue.dispatchEvent(IdeEventQueue.java:382)
	at java.awt.EventDispatchThread.pumpOneEventForFilters(EventDispatchThread.java:201)
	at java.awt.EventDispatchThread.pumpEventsForFilter(EventDispatchThread.java:116)
	at java.awt.EventDispatchThread.pumpEventsForFilter(EventDispatchThread.java:109)
	at java.awt.WaitDispatchSupport$2.run(WaitDispatchSupport.java:190)
	at java.awt.WaitDispatchSupport$4.run(WaitDispatchSupport.java:235)
	at java.awt.WaitDispatchSupport$4.run(WaitDispatchSupport.java:233)
	at java.security.AccessController.doPrivileged(Native Method)
	at java.awt.WaitDispatchSupport.enter(WaitDispatchSupport.java:233)
	at java.awt.Dialog.show(Dialog.java:1077)
	at com.intellij.openapi.ui.impl.DialogWrapperPeerImpl$MyDialog.show(DialogWrapperPeerImpl.java:698)
	at com.intellij.openapi.ui.impl.DialogWrapperPeerImpl.show(DialogWrapperPeerImpl.java:430)
	at com.intellij.openapi.ui.DialogWrapper.invokeShow(DialogWrapper.java:1690)
	at com.intellij.openapi.ui.DialogWrapper.show(DialogWrapper.java:1639)
	at com.javarush.plugin.button.SelectTaskButton.actionPerformed(SelectTaskButton.java:24)
	at com.intellij.openapi.actionSystem.ex.ActionUtil$1.run(ActionUtil.java:255)
	at com.intellij.openapi.actionSystem.ex.ActionUtil.performActionDumbAware(ActionUtil.java:272)
	at com.intellij.openapi.actionSystem.impl.ActionButton.actionPerformed(ActionButton.java:204)
	at com.intellij.openapi.actionSystem.impl.ActionButton.performAction(ActionButton.java:146)
	at com.intellij.openapi.actionSystem.impl.ActionButton.processMouseEvent(ActionButton.java:391)
	at java.awt.Component.processEvent(Component.java:6313)
	at java.awt.Container.processEvent(Container.java:2237)
	at java.awt.Component.dispatchEventImpl(Component.java:4903)
	at java.awt.Container.dispatchEventImpl(Container.java:2295)
	at java.awt.Component.dispatchEvent(Component.java:4725)
	at java.awt.LightweightDispatcher.retargetMouseEvent(Container.java:4889)
	at java.awt.LightweightDispatcher.processMouseEvent(Container.java:4526)
	at java.awt.LightweightDispatcher.dispatchEvent(Container.java:4467)
	at java.awt.Container.dispatchEventImpl(Container.java:2281)
	at java.awt.Window.dispatchEventImpl(Window.java:2746)
	at java.awt.Component.dispatchEvent(Component.java:4725)
	at java.awt.EventQueue.dispatchEventImpl(EventQueue.java:764)
	at java.awt.EventQueue.access$500(EventQueue.java:98)
	at java.awt.EventQueue$3.run(EventQueue.java:715)
	at java.awt.EventQueue$3.run(EventQueue.java:709)
	at java.security.AccessController.doPrivileged(Native Method)
	at java.security.ProtectionDomain$JavaSecurityAccessImpl.doIntersectionPrivilege(ProtectionDomain.java:80)
	at java.security.ProtectionDomain$JavaSecurityAccessImpl.doIntersectionPrivilege(ProtectionDomain.java:90)
	at java.awt.EventQueue$4.run(EventQueue.java:737)
	at java.awt.EventQueue$4.run(EventQueue.java:735)
	at java.security.AccessController.doPrivileged(Native Method)
	at java.security.ProtectionDomain$JavaSecurityAccessImpl.doIntersectionPrivilege(ProtectionDomain.java:80)
	at java.awt.EventQueue.dispatchEvent(EventQueue.java:734)
	at com.intellij.ide.IdeEventQueue.defaultDispatchEvent(IdeEventQueue.java:781)
	at com.intellij.ide.IdeEventQueue._dispatchEvent(IdeEventQueue.java:718)
	at com.intellij.ide.IdeEventQueue.dispatchEvent(IdeEventQueue.java:382)
	at java.awt.EventDispatchThread.pumpOneEventForFilters(EventDispatchThread.java:201)
	at java.awt.EventDispatchThread.pumpEventsForFilter(EventDispatchThread.java:116)
	at java.awt.EventDispatchThread.pumpEventsForHierarchy(EventDispatchThread.java:105)
	at java.awt.EventDispatchThread.pumpEvents(EventDispatchThread.java:101)
	at java.awt.EventDispatchThread.pumpEvents(EventDispatchThread.java:93)
	at java.awt.EventDispatchThread.run(EventDispatchThread.java:82)
2018-11-24 17:18:36 ERROR NoSwingUnderWriteAction.logErrorHeader(120) - IntelliJ IDEA 2018.2.6  Build #IU-182.5107.16
2018-11-24 17:18:36 ERROR NoSwingUnderWriteAction.logErrorHeader(126) - JDK: 1.8.0_152-release
2018-11-24 17:18:36 ERROR NoSwingUnderWriteAction.logErrorHeader(127) - VM: OpenJDK 64-Bit Server VM
2018-11-24 17:18:36 ERROR NoSwingUnderWriteAction.logErrorHeader(128) - Vendor: JetBrains s.r.o
2018-11-24 17:18:36 ERROR NoSwingUnderWriteAction.logErrorHeader(129) - OS: Windows 7
2018-11-24 17:18:36 ERROR NoSwingUnderWriteAction.logErrorHeader(135) - Last Action: TaskChooser
2018-11-24 17:18:36 ERROR NoSwingUnderWriteAction.logErrorHeader(142) - Current Command: 
2018-11-24 17:18:37 INFO  ApacheHttpClient.getTaskTemplateInfo(341) - responseCode = 200
2018-11-24 17:18:41 INFO  ApacheHttpClient.testConnection(187) - responseCode = 200
2018-11-24 17:18:41 INFO  ApacheHttpClient.testConnection(198) - result = true
2018-11-24 17:18:43 INFO  ApacheHttpClient.testConnection(187) - responseCode = 200
2018-11-24 17:18:43 INFO  ApacheHttpClient.testConnection(198) - result = true
2018-11-24 17:18:48 INFO  ApacheHttpClient.getWebResourceAsStream(437) - responseCode = 200
2018-11-24 17:18:49 INFO  ApacheHttpClient.getWebResourceAsStream(437) - responseCode = 200
2018-11-24 17:19:29 INFO  ApacheHttpClient.sendEvent(470) - responseCode = 200
2018-11-24 17:20:29 INFO  ApacheHttpClient.sendEvent(470) - responseCode = 200
2018-11-24 17:21:29 INFO  ApacheHttpClient.sendEvent(470) - responseCode = 200
2018-11-24 17:22:29 INFO  ApacheHttpClient.sendEvent(470) - responseCode = 200
2018-11-24 17:23:29 INFO  ApacheHttpClient.sendEvent(470) - responseCode = 200
2018-11-24 17:23:48 INFO  ApacheHttpClient.testConnection(187) - responseCode = 200
2018-11-24 17:23:48 INFO  ApacheHttpClient.testConnection(198) - result = true
2018-11-24 17:24:29 INFO  ApacheHttpClient.sendEvent(470) - responseCode = 200
2018-11-24 17:25:29 INFO  ApacheHttpClient.sendEvent(470) - responseCode = 200
2018-11-24 17:26:29 INFO  ApacheHttpClient.sendEvent(470) - responseCode = 200
2018-11-24 17:27:29 INFO  ApacheHttpClient.sendEvent(470) - responseCode = 200
2018-11-24 17:28:29 INFO  ApacheHttpClient.sendEvent(470) - responseCode = 200
2018-11-24 17:29:29 INFO  ApacheHttpClient.sendEvent(470) - responseCode = 200
2018-11-24 17:30:29 INFO  ApacheHttpClient.sendEvent(470) - responseCode = 200
2018-11-24 17:31:29 INFO  ApacheHttpClient.sendEvent(470) - responseCode = 200
2018-11-24 17:32:29 INFO  ApacheHttpClient.sendEvent(470) - responseCode = 200
2018-11-24 17:33:29 INFO  ApacheHttpClient.sendEvent(470) - responseCode = 200
2018-11-24 17:34:29 INFO  ApacheHttpClient.sendEvent(470) - responseCode = 200
2018-11-24 17:35:29 INFO  ApacheHttpClient.sendEvent(470) - responseCode = 200
2018-11-24 17:36:29 INFO  ApacheHttpClient.sendEvent(470) - responseCode = 200
2018-11-24 17:37:29 INFO  ApacheHttpClient.sendEvent(470) - responseCode = 200
2018-11-24 17:38:29 INFO  ApacheHttpClient.sendEvent(470) - responseCode = 200
2018-11-24 17:38:44 INFO  ApacheHttpClient.testConnection(187) - responseCode = 200
2018-11-24 17:38:44 INFO  ApacheHttpClient.testConnection(198) - result = true
2018-11-24 17:39:29 INFO  ApacheHttpClient.sendEvent(470) - responseCode = 200
2018-11-24 17:40:29 INFO  ApacheHttpClient.sendEvent(470) - responseCode = 200
2018-11-24 17:41:29 INFO  ApacheHttpClient.sendEvent(470) - responseCode = 200
2018-11-24 17:42:29 INFO  ApacheHttpClient.sendEvent(470) - responseCode = 200
2018-11-24 17:43:29 INFO  ApacheHttpClient.sendEvent(470) - responseCode = 200
2018-11-24 17:44:29 INFO  ApacheHttpClient.sendEvent(470) - responseCode = 200
2018-11-24 17:44:50 INFO  ApacheHttpClient.getWebResourceAsStream(437) - responseCode = 200
2018-11-24 17:44:50 ERROR ValidateButton.actionPerformed(83) - Не выбрана задача!
2018-11-24 17:44:58 INFO  ApacheHttpClient.getWebResourceAsStream(437) - responseCode = 200
2018-11-24 17:44:59 INFO  ApacheHttpClient.getWebResourceAsStream(437) - responseCode = 200
2018-11-24 17:44:59 INFO  ApacheHttpClient.getTask(422) - responseCode = 200
2018-11-24 17:45:00 INFO  ApacheHttpClient.completed(27) - responseCode = 200
2018-11-24 17:45:00 INFO  ApacheHttpClient.getTask(422) - responseCode = 200
2018-11-24 17:45:05 INFO  ApacheHttpClient.getWebResourceAsStream(437) - responseCode = 200
2018-11-24 17:45:05 INFO  ApacheHttpClient.getFilteredTasks(324) - responseCode = 200
2018-11-24 17:45:08 INFO  ApacheHttpClient.getTaskTemplateInfo(341) - responseCode = 200
2018-11-24 17:45:10 INFO  ApacheHttpClient.testConnection(187) - responseCode = 200
2018-11-24 17:45:10 INFO  ApacheHttpClient.testConnection(198) - result = true
2018-11-24 17:45:11 INFO  ApacheHttpClient.testConnection(187) - responseCode = 200
2018-11-24 17:45:11 INFO  ApacheHttpClient.testConnection(198) - result = true
2018-11-24 17:45:11 INFO  ApacheHttpClient.getWebResourceAsStream(437) - responseCode = 200
2018-11-24 17:45:29 INFO  ApacheHttpClient.sendEvent(470) - responseCode = 200
2018-11-24 17:46:29 INFO  ApacheHttpClient.sendEvent(470) - responseCode = 200
2018-11-24 17:47:29 INFO  ApacheHttpClient.sendEvent(470) - responseCode = 200
2018-11-24 17:47:30 INFO  ApacheHttpClient.getWebResourceAsStream(437) - responseCode = 200
2018-11-24 17:47:31 INFO  ApacheHttpClient.getTask(422) - responseCode = 200
2018-11-24 17:47:31 INFO  ApacheHttpClient.getWebResourceAsStream(437) - responseCode = 200
2018-11-24 17:47:33 INFO  ApacheHttpClient.completed(27) - responseCode = 200
2018-11-24 17:47:33 INFO  ApacheHttpClient.getTask(422) - responseCode = 200
2018-11-24 17:47:38 INFO  ApacheHttpClient.getWebResourceAsStream(437) - responseCode = 200
2018-11-24 17:47:38 INFO  ApacheHttpClient.getFilteredTasks(324) - responseCode = 200
2018-11-24 17:47:46 INFO  ApacheHttpClient.getTaskTemplateInfo(341) - responseCode = 200
2018-11-24 17:47:48 INFO  ApacheHttpClient.testConnection(187) - responseCode = 200
2018-11-24 17:47:48 INFO  ApacheHttpClient.testConnection(198) - result = true
2018-11-24 17:47:50 INFO  ApacheHttpClient.testConnection(187) - responseCode = 200
2018-11-24 17:47:50 INFO  ApacheHttpClient.testConnection(198) - result = true
2018-11-24 17:47:50 INFO  ApacheHttpClient.getWebResourceAsStream(437) - responseCode = 200
2018-11-24 17:48:29 INFO  ApacheHttpClient.sendEvent(470) - responseCode = 200
2018-11-24 17:48:57 INFO  ApacheHttpClient.getWebResourceAsStream(437) - responseCode = 200
2018-11-24 17:48:57 INFO  ApacheHttpClient.getTask(422) - responseCode = 200
2018-11-24 17:48:58 INFO  ApacheHttpClient.getWebResourceAsStream(437) - responseCode = 200
2018-11-24 17:48:58 INFO  ApacheHttpClient.completed(27) - responseCode = 200
2018-11-24 17:48:58 INFO  ApacheHttpClient.getTask(422) - responseCode = 200
2018-11-24 17:49:05 INFO  ApacheHttpClient.getWebResourceAsStream(437) - responseCode = 200
2018-11-24 17:49:05 INFO  ApacheHttpClient.getFilteredTasks(324) - responseCode = 200
2018-11-24 17:49:12 INFO  ApacheHttpClient.getTaskTemplateInfo(341) - responseCode = 200
2018-11-24 17:49:14 INFO  ApacheHttpClient.testConnection(187) - responseCode = 200
2018-11-24 17:49:14 INFO  ApacheHttpClient.testConnection(198) - result = true
2018-11-24 17:49:15 INFO  ApacheHttpClient.testConnection(187) - responseCode = 200
2018-11-24 17:49:15 INFO  ApacheHttpClient.testConnection(198) - result = true
2018-11-24 17:49:15 INFO  ApacheHttpClient.getWebResourceAsStream(437) - responseCode = 200
2018-11-24 17:49:29 INFO  ApacheHttpClient.sendEvent(470) - responseCode = 200
2018-11-24 17:50:29 INFO  ApacheHttpClient.sendEvent(470) - responseCode = 200
2018-11-24 17:51:29 INFO  ApacheHttpClient.sendEvent(470) - responseCode = 200
2018-11-24 17:51:53 INFO  ApacheHttpClient.getWebResourceAsStream(437) - responseCode = 200
2018-11-24 17:51:54 INFO  ApacheHttpClient.getTask(422) - responseCode = 200
2018-11-24 17:51:54 INFO  ApacheHttpClient.getWebResourceAsStream(437) - responseCode = 200
2018-11-24 17:51:55 INFO  ApacheHttpClient.completed(27) - responseCode = 200
2018-11-24 17:51:55 INFO  ApacheHttpClient.getTask(422) - responseCode = 200
2018-11-24 17:51:59 INFO  ApacheHttpClient.getWebResourceAsStream(437) - responseCode = 200
2018-11-24 17:51:59 INFO  ApacheHttpClient.getFilteredTasks(324) - responseCode = 200
2018-11-24 17:52:05 INFO  ApacheHttpClient.getTaskTemplateInfo(341) - responseCode = 200
2018-11-24 17:52:07 INFO  ApacheHttpClient.testConnection(187) - responseCode = 200
2018-11-24 17:52:07 INFO  ApacheHttpClient.testConnection(198) - result = true
2018-11-24 17:52:09 INFO  ApacheHttpClient.testConnection(187) - responseCode = 200
2018-11-24 17:52:09 INFO  ApacheHttpClient.testConnection(198) - result = true
2018-11-24 17:52:09 INFO  ApacheHttpClient.getWebResourceAsStream(437) - responseCode = 200
2018-11-24 17:52:29 INFO  ApacheHttpClient.sendEvent(470) - responseCode = 200
2018-11-24 17:53:29 INFO  ApacheHttpClient.sendEvent(470) - responseCode = 200
2018-11-24 17:54:29 INFO  ApacheHttpClient.sendEvent(470) - responseCode = 200
2018-11-24 17:55:29 INFO  ApacheHttpClient.sendEvent(470) - responseCode = 200
2018-11-24 17:56:29 INFO  ApacheHttpClient.sendEvent(470) - responseCode = 200
2018-11-24 17:57:29 INFO  ApacheHttpClient.sendEvent(470) - responseCode = 200
2018-11-24 17:58:29 INFO  ApacheHttpClient.sendEvent(470) - responseCode = 200
2018-11-24 17:59:29 INFO  ApacheHttpClient.sendEvent(470) - responseCode = 200
2018-11-24 18:00:29 INFO  ApacheHttpClient.sendEvent(470) - responseCode = 200
2018-11-24 18:01:29 INFO  ApacheHttpClient.sendEvent(470) - responseCode = 200
2018-11-24 18:02:08 INFO  ApacheHttpClient.getWebResourceAsStream(437) - responseCode = 200
2018-11-24 18:02:08 INFO  ApacheHttpClient.getTask(422) - responseCode = 200
2018-11-24 18:02:08 INFO  ApacheHttpClient.getWebResourceAsStream(437) - responseCode = 200
2018-11-24 18:02:10 INFO  ApacheHttpClient.completed(27) - responseCode = 200
2018-11-24 18:02:29 INFO  ApacheHttpClient.sendEvent(470) - responseCode = 200
2018-11-24 18:02:47 INFO  ApacheHttpClient.getWebResourceAsStream(437) - responseCode = 200
2018-11-24 18:02:47 INFO  ApacheHttpClient.getTask(422) - responseCode = 200
2018-11-24 18:02:47 INFO  ApacheHttpClient.getWebResourceAsStream(437) - responseCode = 200
2018-11-24 18:02:48 INFO  ApacheHttpClient.completed(27) - responseCode = 200
2018-11-24 18:02:48 INFO  ApacheHttpClient.getTask(422) - responseCode = 200
2018-11-24 18:02:52 INFO  ApacheHttpClient.getWebResourceAsStream(437) - responseCode = 200
2018-11-24 18:02:53 INFO  ApacheHttpClient.getFilteredTasks(324) - responseCode = 200
2018-11-24 18:02:55 INFO  ApacheHttpClient.getTaskTemplateInfo(341) - responseCode = 200
2018-11-24 18:02:56 INFO  ApacheHttpClient.testConnection(187) - responseCode = 200
2018-11-24 18:02:56 INFO  ApacheHttpClient.testConnection(198) - result = true
2018-11-24 18:02:58 INFO  ApacheHttpClient.testConnection(187) - responseCode = 200
2018-11-24 18:02:58 INFO  ApacheHttpClient.testConnection(198) - result = true
2018-11-24 18:02:58 INFO  ApacheHttpClient.getWebResourceAsStream(437) - responseCode = 200
2018-11-24 18:03:29 INFO  ApacheHttpClient.sendEvent(470) - responseCode = 200
2018-11-24 18:04:29 INFO  ApacheHttpClient.sendEvent(470) - responseCode = 200
2018-11-24 18:05:29 INFO  ApacheHttpClient.sendEvent(470) - responseCode = 200
2018-11-24 18:06:29 INFO  ApacheHttpClient.sendEvent(470) - responseCode = 200
2018-11-24 18:07:29 INFO  ApacheHttpClient.sendEvent(470) - responseCode = 200
2018-11-24 18:08:29 INFO  ApacheHttpClient.sendEvent(470) - responseCode = 200
2018-11-24 18:09:29 INFO  ApacheHttpClient.sendEvent(470) - responseCode = 200
2018-11-24 18:09:42 INFO  ApacheHttpClient.getWebResourceAsStream(437) - responseCode = 200
2018-11-24 18:09:43 INFO  ApacheHttpClient.getTask(422) - responseCode = 200
2018-11-24 18:09:43 INFO  ApacheHttpClient.getWebResourceAsStream(437) - responseCode = 200
2018-11-24 18:09:45 INFO  ApacheHttpClient.completed(27) - responseCode = 200
2018-11-24 18:09:45 INFO  ApacheHttpClient.getTask(422) - responseCode = 200
2018-11-24 18:09:49 INFO  ApacheHttpClient.getWebResourceAsStream(437) - responseCode = 200
2018-11-24 18:09:49 INFO  ApacheHttpClient.getFilteredTasks(324) - responseCode = 200
2018-11-24 18:09:51 INFO  ApacheHttpClient.getTaskTemplateInfo(341) - responseCode = 200
2018-11-24 18:09:52 INFO  ApacheHttpClient.testConnection(187) - responseCode = 200
2018-11-24 18:09:52 INFO  ApacheHttpClient.testConnection(198) - result = true
2018-11-24 18:09:54 INFO  ApacheHttpClient.testConnection(187) - responseCode = 200
2018-11-24 18:09:54 INFO  ApacheHttpClient.testConnection(198) - result = true
2018-11-24 18:09:54 INFO  ApacheHttpClient.getWebResourceAsStream(437) - responseCode = 200
2018-11-24 18:10:29 INFO  ApacheHttpClient.sendEvent(470) - responseCode = 200
2018-11-24 18:11:24 INFO  ApacheHttpClient.getWebResourceAsStream(437) - responseCode = 200
2018-11-24 18:11:24 INFO  ApacheHttpClient.getTask(422) - responseCode = 200
2018-11-24 18:11:24 INFO  ApacheHttpClient.getWebResourceAsStream(437) - responseCode = 200
2018-11-24 18:11:26 INFO  ApacheHttpClient.completed(27) - responseCode = 200
2018-11-24 18:11:26 INFO  ApacheHttpClient.getTask(422) - responseCode = 200
2018-11-24 18:11:29 INFO  ApacheHttpClient.sendEvent(470) - responseCode = 200
2018-11-24 18:12:29 INFO  ApacheHttpClient.sendEvent(470) - responseCode = 200
2018-11-24 18:13:29 INFO  ApacheHttpClient.sendEvent(470) - responseCode = 200
2018-11-24 18:14:29 INFO  ApacheHttpClient.sendEvent(470) - responseCode = 200
2018-11-24 18:14:32 INFO  ApacheHttpClient.getWebResourceAsStream(437) - responseCode = 200
2018-11-24 18:14:32 INFO  ApacheHttpClient.getFilteredTasks(324) - responseCode = 200
2018-11-24 18:14:35 INFO  ApacheHttpClient.getTaskTemplateInfo(341) - responseCode = 200
2018-11-24 18:14:37 INFO  ApacheHttpClient.testConnection(187) - responseCode = 200
2018-11-24 18:14:37 INFO  ApacheHttpClient.testConnection(198) - result = true
2018-11-24 18:14:38 INFO  ApacheHttpClient.testConnection(187) - responseCode = 200
2018-11-24 18:14:38 INFO  ApacheHttpClient.testConnection(198) - result = true
2018-11-24 18:14:38 INFO  ApacheHttpClient.getWebResourceAsStream(437) - responseCode = 200
2018-11-24 18:15:29 INFO  ApacheHttpClient.sendEvent(470) - responseCode = 200
2018-11-24 18:16:29 INFO  ApacheHttpClient.sendEvent(470) - responseCode = 200
2018-11-24 18:17:03 INFO  ApacheHttpClient.testConnection(187) - responseCode = 200
2018-11-24 18:17:03 INFO  ApacheHttpClient.testConnection(198) - result = true
2018-11-24 18:17:11 INFO  ApacheHttpClient.getWebResourceAsStream(437) - responseCode = 200
2018-11-24 18:17:12 INFO  ApacheHttpClient.getTask(422) - responseCode = 200
2018-11-24 18:17:12 INFO  ApacheHttpClient.completed(27) - responseCode = 200
2018-11-24 18:17:12 INFO  ApacheHttpClient.getWebResourceAsStream(437) - responseCode = 200
2018-11-24 18:17:29 INFO  ApacheHttpClient.sendEvent(470) - responseCode = 200
2018-11-24 18:17:53 INFO  ApacheHttpClient.getWebResourceAsStream(437) - responseCode = 200
2018-11-24 18:17:53 INFO  ApacheHttpClient.getTask(422) - responseCode = 200
2018-11-24 18:17:53 INFO  ApacheHttpClient.getWebResourceAsStream(437) - responseCode = 200
2018-11-24 18:17:54 INFO  ApacheHttpClient.completed(27) - responseCode = 200
2018-11-24 18:17:54 INFO  ApacheHttpClient.getTask(422) - responseCode = 200
2018-11-24 18:18:29 INFO  ApacheHttpClient.sendEvent(470) - responseCode = 200
2018-11-24 18:18:44 INFO  ApacheHttpClient.getWebResourceAsStream(437) - responseCode = 200
2018-11-24 18:18:44 INFO  ApacheHttpClient.getFilteredTasks(324) - responseCode = 200
2018-11-24 18:18:45 INFO  ApacheHttpClient.getTaskTemplateInfo(341) - responseCode = 200
2018-11-24 18:18:47 INFO  ApacheHttpClient.testConnection(187) - responseCode = 200
2018-11-24 18:18:47 INFO  ApacheHttpClient.testConnection(198) - result = true
2018-11-24 18:18:49 INFO  ApacheHttpClient.testConnection(187) - responseCode = 200
2018-11-24 18:18:49 INFO  ApacheHttpClient.testConnection(198) - result = true
2018-11-24 18:18:49 INFO  ApacheHttpClient.getWebResourceAsStream(437) - responseCode = 200
2018-11-24 18:19:29 INFO  ApacheHttpClient.sendEvent(470) - responseCode = 200
2018-11-24 18:20:29 INFO  ApacheHttpClient.sendEvent(470) - responseCode = 200
2018-11-24 18:21:29 INFO  ApacheHttpClient.sendEvent(470) - responseCode = 200
2018-11-24 18:22:29 INFO  ApacheHttpClient.sendEvent(470) - responseCode = 200
2018-11-24 18:23:29 INFO  ApacheHttpClient.sendEvent(470) - responseCode = 200
2018-11-24 18:24:29 INFO  ApacheHttpClient.sendEvent(470) - responseCode = 200
2018-11-24 18:25:29 INFO  ApacheHttpClient.sendEvent(470) - responseCode = 200
2018-11-24 18:26:29 INFO  ApacheHttpClient.sendEvent(470) - responseCode = 200
2018-11-24 18:27:29 INFO  ApacheHttpClient.sendEvent(470) - responseCode = 200
2018-11-24 18:28:29 INFO  ApacheHttpClient.sendEvent(470) - responseCode = 200
2018-11-24 18:29:29 INFO  ApacheHttpClient.sendEvent(470) - responseCode = 200
2018-11-24 18:30:29 INFO  ApacheHttpClient.sendEvent(470) - responseCode = 200
2018-11-24 18:31:29 INFO  ApacheHttpClient.sendEvent(470) - responseCode = 200
2018-11-24 18:32:29 INFO  ApacheHttpClient.sendEvent(470) - responseCode = 200
2018-11-24 18:33:29 INFO  ApacheHttpClient.sendEvent(470) - responseCode = 200
2018-11-24 18:34:29 INFO  ApacheHttpClient.sendEvent(470) - responseCode = 200
2018-11-24 18:35:29 INFO  ApacheHttpClient.sendEvent(470) - responseCode = 200
2018-11-24 18:36:12 INFO  ApacheHttpClient.getWebResourceAsStream(437) - responseCode = 200
2018-11-24 18:36:13 INFO  ApacheHttpClient.getTask(422) - responseCode = 200
2018-11-24 18:36:13 INFO  ApacheHttpClient.getWebResourceAsStream(437) - responseCode = 200
2018-11-24 18:36:13 INFO  ApacheHttpClient.completed(27) - responseCode = 200
2018-11-24 18:36:14 INFO  ApacheHttpClient.getTask(422) - responseCode = 200
2018-11-24 18:36:20 INFO  ApacheHttpClient.getWebResourceAsStream(437) - responseCode = 200
2018-11-24 18:36:20 INFO  ApacheHttpClient.getFilteredTasks(324) - responseCode = 200
2018-11-24 18:36:21 INFO  ApacheHttpClient.getTaskTemplateInfo(341) - responseCode = 200
2018-11-24 18:36:24 INFO  ApacheHttpClient.testConnection(187) - responseCode = 200
2018-11-24 18:36:24 INFO  ApacheHttpClient.testConnection(198) - result = true
2018-11-24 18:36:26 INFO  ApacheHttpClient.testConnection(187) - responseCode = 200
2018-11-24 18:36:26 INFO  ApacheHttpClient.testConnection(198) - result = true
2018-11-24 18:36:26 INFO  ApacheHttpClient.getWebResourceAsStream(437) - responseCode = 200
2018-11-24 18:36:29 INFO  ApacheHttpClient.sendEvent(470) - responseCode = 200
2018-11-24 18:37:29 INFO  ApacheHttpClient.sendEvent(470) - responseCode = 200
2018-11-24 18:38:29 INFO  ApacheHttpClient.sendEvent(470) - responseCode = 200
2018-11-24 18:39:08 INFO  ApacheHttpClient.getWebResourceAsStream(437) - responseCode = 200
2018-11-24 18:39:08 INFO  ApacheHttpClient.getTask(422) - responseCode = 200
2018-11-24 18:39:09 INFO  ApacheHttpClient.getWebResourceAsStream(437) - responseCode = 200
2018-11-24 18:39:09 INFO  ApacheHttpClient.completed(27) - responseCode = 200
2018-11-24 18:39:09 INFO  ApacheHttpClient.getTask(422) - responseCode = 200
2018-11-24 18:39:13 INFO  ApacheHttpClient.getWebResourceAsStream(437) - responseCode = 200
2018-11-24 18:39:13 INFO  ApacheHttpClient.getFilteredTasks(324) - responseCode = 200
2018-11-24 18:39:15 INFO  ApacheHttpClient.getTaskTemplateInfo(341) - responseCode = 200
2018-11-24 18:39:18 INFO  ApacheHttpClient.testConnection(187) - responseCode = 200
2018-11-24 18:39:18 INFO  ApacheHttpClient.testConnection(198) - result = true
2018-11-24 18:39:19 INFO  ApacheHttpClient.testConnection(187) - responseCode = 200
2018-11-24 18:39:19 INFO  ApacheHttpClient.testConnection(198) - result = true
2018-11-24 18:39:19 INFO  ApacheHttpClient.getWebResourceAsStream(437) - responseCode = 200
2018-11-24 18:39:29 INFO  ApacheHttpClient.sendEvent(470) - responseCode = 200
2018-11-24 18:40:29 INFO  ApacheHttpClient.sendEvent(470) - responseCode = 200
2018-11-24 18:41:29 INFO  ApacheHttpClient.sendEvent(470) - responseCode = 200
2018-11-24 18:42:29 INFO  ApacheHttpClient.sendEvent(470) - responseCode = 200
2018-11-24 18:43:29 INFO  ApacheHttpClient.sendEvent(470) - responseCode = 200
2018-11-24 18:44:29 INFO  ApacheHttpClient.sendEvent(470) - responseCode = 200
2018-11-24 18:44:30 INFO  ApacheHttpClient.getWebResourceAsStream(437) - responseCode = 200
2018-11-24 18:44:31 INFO  ApacheHttpClient.getTask(422) - responseCode = 200
2018-11-24 18:44:31 INFO  ApacheHttpClient.getWebResourceAsStream(437) - responseCode = 200
2018-11-24 18:44:31 INFO  ApacheHttpClient.completed(27) - responseCode = 200
2018-11-24 18:45:17 INFO  ApacheHttpClient.getWebResourceAsStream(437) - responseCode = 200
2018-11-24 18:45:17 INFO  ApacheHttpClient.getTask(422) - responseCode = 200
2018-11-24 18:45:17 INFO  ApacheHttpClient.getWebResourceAsStream(437) - responseCode = 200
2018-11-24 18:45:18 INFO  ApacheHttpClient.completed(27) - responseCode = 200
2018-11-24 18:45:18 INFO  ApacheHttpClient.getTask(422) - responseCode = 200
2018-11-24 18:45:22 INFO  ApacheHttpClient.getWebResourceAsStream(437) - responseCode = 200
2018-11-24 18:45:22 INFO  ApacheHttpClient.getFilteredTasks(324) - responseCode = 200
2018-11-24 18:45:25 INFO  ApacheHttpClient.getTaskTemplateInfo(341) - responseCode = 200
2018-11-24 18:45:28 INFO  ApacheHttpClient.testConnection(187) - responseCode = 200
2018-11-24 18:45:28 INFO  ApacheHttpClient.testConnection(198) - result = true
2018-11-24 18:45:29 INFO  ApacheHttpClient.sendEvent(470) - responseCode = 200
2018-11-24 18:45:30 INFO  ApacheHttpClient.testConnection(187) - responseCode = 200
2018-11-24 18:45:30 INFO  ApacheHttpClient.testConnection(198) - result = true
2018-11-24 18:45:30 INFO  ApacheHttpClient.getWebResourceAsStream(437) - responseCode = 200
2018-11-24 18:46:29 INFO  ApacheHttpClient.sendEvent(470) - responseCode = 200
2018-11-24 18:47:29 INFO  ApacheHttpClient.sendEvent(470) - responseCode = 200
2018-11-24 18:48:29 INFO  ApacheHttpClient.sendEvent(470) - responseCode = 200
2018-11-24 18:49:19 INFO  ApacheHttpClient.getWebResourceAsStream(437) - responseCode = 200
2018-11-24 18:49:19 INFO  ApacheHttpClient.getTask(422) - responseCode = 200
2018-11-24 18:49:19 INFO  ApacheHttpClient.getWebResourceAsStream(437) - responseCode = 200
2018-11-24 18:49:21 INFO  ApacheHttpClient.completed(27) - responseCode = 200
2018-11-24 18:49:21 INFO  ApacheHttpClient.getTask(422) - responseCode = 200
2018-11-24 18:49:26 INFO  ApacheHttpClient.getWebResourceAsStream(437) - responseCode = 200
2018-11-24 18:49:26 INFO  ApacheHttpClient.getFilteredTasks(324) - responseCode = 200
2018-11-24 18:49:27 INFO  ApacheHttpClient.getTaskTemplateInfo(341) - responseCode = 200
2018-11-24 18:49:29 INFO  ApacheHttpClient.sendEvent(470) - responseCode = 200
2018-11-24 18:49:30 INFO  ApacheHttpClient.testConnection(187) - responseCode = 200
2018-11-24 18:49:30 INFO  ApacheHttpClient.testConnection(198) - result = true
2018-11-24 18:49:32 INFO  ApacheHttpClient.testConnection(187) - responseCode = 200
2018-11-24 18:49:32 INFO  ApacheHttpClient.testConnection(198) - result = true
2018-11-24 18:49:32 INFO  ApacheHttpClient.getWebResourceAsStream(437) - responseCode = 200
2018-11-24 18:50:29 INFO  ApacheHttpClient.sendEvent(470) - responseCode = 200
2018-11-24 18:51:29 INFO  ApacheHttpClient.sendEvent(470) - responseCode = 200
2018-11-24 18:52:29 INFO  ApacheHttpClient.sendEvent(470) - responseCode = 200
2018-11-24 18:53:29 INFO  ApacheHttpClient.sendEvent(470) - responseCode = 200
2018-11-24 18:54:29 INFO  ApacheHttpClient.sendEvent(470) - responseCode = 200
2018-11-24 18:55:29 INFO  ApacheHttpClient.sendEvent(470) - responseCode = 200
2018-11-24 18:56:29 INFO  ApacheHttpClient.sendEvent(470) - responseCode = 200
2018-11-24 18:56:32 INFO  ApacheHttpClient.getWebResourceAsStream(437) - responseCode = 200
2018-11-24 18:56:32 INFO  ApacheHttpClient.getTask(422) - responseCode = 200
2018-11-24 18:56:32 INFO  ApacheHttpClient.getWebResourceAsStream(437) - responseCode = 200
2018-11-24 18:56:33 INFO  ApacheHttpClient.completed(27) - responseCode = 200
2018-11-24 18:57:11 INFO  ApacheHttpClient.getWebResourceAsStream(437) - responseCode = 200
2018-11-24 18:57:11 INFO  ApacheHttpClient.getTask(422) - responseCode = 200
2018-11-24 18:57:12 INFO  ApacheHttpClient.getWebResourceAsStream(437) - responseCode = 200
2018-11-24 18:57:12 INFO  ApacheHttpClient.completed(27) - responseCode = 200
2018-11-24 18:57:29 INFO  ApacheHttpClient.sendEvent(470) - responseCode = 200
2018-11-24 18:57:51 INFO  ApacheHttpClient.getWebResourceAsStream(437) - responseCode = 200
2018-11-24 18:57:51 INFO  ApacheHttpClient.getTask(422) - responseCode = 200
2018-11-24 18:57:51 INFO  ApacheHttpClient.getWebResourceAsStream(437) - responseCode = 200
2018-11-24 18:57:52 INFO  ApacheHttpClient.completed(27) - responseCode = 200
2018-11-24 18:58:29 INFO  ApacheHttpClient.sendEvent(470) - responseCode = 200
2018-11-24 18:58:49 INFO  ApacheHttpClient.getWebResourceAsStream(437) - responseCode = 200
2018-11-24 18:58:49 INFO  ApacheHttpClient.getTask(422) - responseCode = 200
2018-11-24 18:58:50 INFO  ApacheHttpClient.getWebResourceAsStream(437) - responseCode = 200
2018-11-24 18:58:50 INFO  ApacheHttpClient.completed(27) - responseCode = 200
2018-11-24 18:58:58 INFO  JavaRushTasksProjectComponent.projectClosing(165) - ---------- Project JavaRushTasks closed ----------

2018-11-24 18:58:58 INFO  ApacheHttpClient.getTask(422) - responseCode = 200
2018-11-24 18:58:58 INFO  ApacheHttpClient.getTask(422) - responseCode = 200
2018-11-24 18:58:58 INFO  ApacheHttpClient.getTask(422) - responseCode = 200
2018-11-24 18:58:59 INFO  ApacheHttpClient.getTask(422) - responseCode = 200
2018-11-24 18:58:59 INFO  ApacheHttpClient.getTask(422) - responseCode = 200
2018-11-24 18:58:59 INFO  ApacheHttpClient.getTask(422) - responseCode = 200
2018-11-24 18:58:59 INFO  ApacheHttpClient.getTask(422) - responseCode = 200
2018-11-24 18:58:59 INFO  ApacheHttpClient.getTask(422) - responseCode = 200
2018-11-24 18:58:59 INFO  ApacheHttpClient.getTask(422) - responseCode = 200
2018-11-24 18:58:59 INFO  ApacheHttpClient.getTask(422) - responseCode = 200
2018-11-24 18:58:59 INFO  ApacheHttpClient.getTask(422) - responseCode = 200
2018-11-24 18:59:00 INFO  ApacheHttpClient.getTask(422) - responseCode = 200
2018-11-24 18:59:00 INFO  ApacheHttpClient.getTask(422) - responseCode = 200
